\BOOKMARK [1][-]{section.1}{Course topics and schedule}{}
\BOOKMARK [2][-]{subsection.1.1}{00 - Presentation of the course}{section.1}
\BOOKMARK [3][-]{subsubsection.1.1.1}{November 19, 2010 \(1 hour\)}{subsection.1.1}
\BOOKMARK [2][-]{subsection.1.2}{01 - Introduction to infrastructure used in Libre Software Communities}{section.1}
\BOOKMARK [3][-]{subsubsection.1.2.1}{January 14, 2011 \(3 hours\)}{subsection.1.2}
\BOOKMARK [3][-]{subsubsection.1.2.2}{January 21, 2011 \(1 hour\)}{subsection.1.2}
\BOOKMARK [2][-]{subsection.1.3}{02 - Forges for software development}{section.1}
\BOOKMARK [3][-]{subsubsection.1.3.1}{January 21, 2011 \(3 hours\)}{subsection.1.3}
\BOOKMARK [1][-]{section.2}{Grading}{}
\BOOKMARK [2][-]{subsection.2.1}{Evaluation criteria}{section.2}
\BOOKMARK [2][-]{subsection.2.2}{Submission deadlines}{section.2}
\BOOKMARK [2][-]{subsection.2.3}{Submission details}{section.2}
\BOOKMARK [1][-]{section.3}{Assignments and activities}{}
\BOOKMARK [2][-]{subsection.3.1}{00 - Main assignment: Report}{section.3}
\BOOKMARK [3][-]{subsubsection.3.1.1}{Assessment on how to release a FLOSS project}{subsection.3.1}
\BOOKMARK [2][-]{subsection.3.2}{01 - Introduction to infrastructure used in Libre Software Communities}{section.3}
\BOOKMARK [3][-]{subsubsection.3.2.1}{The origin of GNOME and KDE}{subsection.3.2}
\BOOKMARK [3][-]{subsubsection.3.2.2}{Community forks: Compiz and Beryl}{subsection.3.2}
\BOOKMARK [3][-]{subsubsection.3.2.3}{Profiles of featured community managers}{subsection.3.2}
\BOOKMARK [3][-]{subsubsection.3.2.4}{Analysis of 3 relevant forges for software development}{subsection.3.2}
